  [1m[35m (88.6ms)[0m  [1m[35mDROP DATABASE IF EXISTS "better_recipe_app_api_development"[0m
  [1m[35m (43.5ms)[0m  [1m[35mDROP DATABASE IF EXISTS "better_recipe_app_api_test"[0m
  [1m[35m (376.0ms)[0m  [1m[35mCREATE DATABASE "better_recipe_app_api_development" ENCODING = 'unicode'[0m
  [1m[35m (366.2ms)[0m  [1m[35mCREATE DATABASE "better_recipe_app_api_test" ENCODING = 'unicode'[0m
  [1m[35m (18.3ms)[0m  [1m[35mCREATE TABLE "schema_migrations" ("version" character varying NOT NULL PRIMARY KEY)[0m
  [1m[35m (11.7ms)[0m  [1m[35mCREATE TABLE "ar_internal_metadata" ("key" character varying NOT NULL PRIMARY KEY, "value" character varying, "created_at" timestamp(6) NOT NULL, "updated_at" timestamp(6) NOT NULL)[0m
  [1m[35m (0.2ms)[0m  [1m[34mSELECT pg_try_advisory_lock(6763963205798756580)[0m
  [1m[35m (0.3ms)[0m  [1m[34mSELECT "schema_migrations"."version" FROM "schema_migrations" ORDER BY "schema_migrations"."version" ASC[0m
Migrating to CreateRecipes (20200207154754)
  [1m[35m (0.2ms)[0m  [1m[34mSELECT pg_advisory_unlock(6763963205798756580)[0m
  [1m[35m (0.5ms)[0m  [1m[34mSELECT "schema_migrations"."version" FROM "schema_migrations" ORDER BY "schema_migrations"."version" ASC[0m
  [1m[35m (0.2ms)[0m  [1m[34mSELECT "schema_migrations"."version" FROM "schema_migrations" ORDER BY "schema_migrations"."version" ASC[0m
  [1m[35m (35.2ms)[0m  [1m[35mDROP DATABASE IF EXISTS "better_recipe_app_api_development"[0m
  [1m[35m (44.7ms)[0m  [1m[35mDROP DATABASE IF EXISTS "better_recipe_app_api_test"[0m
  [1m[35m (357.7ms)[0m  [1m[35mCREATE DATABASE "better_recipe_app_api_development" ENCODING = 'unicode'[0m
  [1m[35m (358.8ms)[0m  [1m[35mCREATE DATABASE "better_recipe_app_api_test" ENCODING = 'unicode'[0m
  [1m[35m (21.9ms)[0m  [1m[35mCREATE TABLE "schema_migrations" ("version" character varying NOT NULL PRIMARY KEY)[0m
  [1m[35m (14.1ms)[0m  [1m[35mCREATE TABLE "ar_internal_metadata" ("key" character varying NOT NULL PRIMARY KEY, "value" character varying, "created_at" timestamp(6) NOT NULL, "updated_at" timestamp(6) NOT NULL)[0m
  [1m[35m (0.6ms)[0m  [1m[34mSELECT pg_try_advisory_lock(6763963205798756580)[0m
  [1m[35m (1.2ms)[0m  [1m[34mSELECT "schema_migrations"."version" FROM "schema_migrations" ORDER BY "schema_migrations"."version" ASC[0m
Migrating to CreateRecipes (20200207154754)
  [1m[35m (0.2ms)[0m  [1m[34mSELECT pg_advisory_unlock(6763963205798756580)[0m
  [1m[35m (0.2ms)[0m  [1m[34mSELECT pg_try_advisory_lock(6763963205798756580)[0m
  [1m[35m (0.5ms)[0m  [1m[34mSELECT "schema_migrations"."version" FROM "schema_migrations" ORDER BY "schema_migrations"."version" ASC[0m
Migrating to CreateRecipes (20200207154754)
  [1m[35m (0.2ms)[0m  [1m[35mBEGIN[0m
  [1m[35m (14.1ms)[0m  [1m[35mCREATE TABLE "recipes" ("id" bigserial primary key, "name" character varying, "api_id" integer, "created_at" timestamp(6) NOT NULL, "updated_at" timestamp(6) NOT NULL)[0m
  [1m[36mprimary::SchemaMigration Create (0.5ms)[0m  [1m[32mINSERT INTO "schema_migrations" ("version") VALUES ($1) RETURNING "version"[0m  [["version", "20200207154754"]]
  [1m[35m (1.9ms)[0m  [1m[35mCOMMIT[0m
  [1m[36mActiveRecord::InternalMetadata Load (0.4ms)[0m  [1m[34mSELECT "ar_internal_metadata".* FROM "ar_internal_metadata" WHERE "ar_internal_metadata"."key" = $1 LIMIT $2[0m  [["key", "environment"], ["LIMIT", 1]]
  [1m[35m (0.2ms)[0m  [1m[35mBEGIN[0m
  [1m[36mActiveRecord::InternalMetadata Create (0.4ms)[0m  [1m[32mINSERT INTO "ar_internal_metadata" ("key", "value", "created_at", "updated_at") VALUES ($1, $2, $3, $4) RETURNING "key"[0m  [["key", "environment"], ["value", "development"], ["created_at", "2020-02-07 15:50:55.969573"], ["updated_at", "2020-02-07 15:50:55.969573"]]
  [1m[35m (1.4ms)[0m  [1m[35mCOMMIT[0m
  [1m[35m (0.2ms)[0m  [1m[34mSELECT pg_advisory_unlock(6763963205798756580)[0m
  [1m[35m (0.5ms)[0m  [1m[34mSELECT "schema_migrations"."version" FROM "schema_migrations" ORDER BY "schema_migrations"."version" ASC[0m
Started GET "/recipes" for ::1 at 2020-02-07 10:54:58 -0500
  [1m[35m (0.5ms)[0m  [1m[34mSELECT "schema_migrations"."version" FROM "schema_migrations" ORDER BY "schema_migrations"."version" ASC[0m
Processing by RecipesController#index as HTML
  [1m[36mRecipe Load (0.5ms)[0m  [1m[34mSELECT "recipes".* FROM "recipes"[0m
  ↳ app/controllers/recipes_controller.rb:8:in `index'
Completed 200 OK in 5ms (Views: 1.7ms | ActiveRecord: 1.9ms | Allocations: 1701)


Started GET "/recipes" for ::1 at 2020-02-07 10:55:25 -0500
Processing by RecipesController#index as */*
  [1m[36mRecipe Load (0.2ms)[0m  [1m[34mSELECT "recipes".* FROM "recipes"[0m
  ↳ app/controllers/recipes_controller.rb:8:in `index'
Completed 200 OK in 1ms (Views: 0.8ms | ActiveRecord: 0.2ms | Allocations: 801)


Started GET "/recipes" for ::1 at 2020-02-07 10:55:46 -0500
Processing by RecipesController#index as */*
  [1m[36mRecipe Load (0.3ms)[0m  [1m[34mSELECT "recipes".* FROM "recipes"[0m
  ↳ app/controllers/recipes_controller.rb:8:in `index'
Completed 200 OK in 3ms (Views: 2.0ms | ActiveRecord: 0.3ms | Allocations: 800)


Started GET "/recipes" for ::1 at 2020-02-07 10:56:25 -0500
Processing by RecipesController#index as */*
  [1m[36mRecipe Load (0.2ms)[0m  [1m[34mSELECT "recipes".* FROM "recipes"[0m
  ↳ app/controllers/recipes_controller.rb:8:in `index'
Completed 200 OK in 1ms (Views: 1.0ms | ActiveRecord: 0.2ms | Allocations: 800)


Started GET "/recipes" for ::1 at 2020-02-07 10:57:28 -0500
Processing by RecipesController#index as */*
  [1m[36mRecipe Load (0.6ms)[0m  [1m[34mSELECT "recipes".* FROM "recipes"[0m
  ↳ app/controllers/recipes_controller.rb:8:in `index'
Completed 200 OK in 3ms (Views: 2.1ms | ActiveRecord: 0.6ms | Allocations: 782)


Started GET "/recipes" for ::1 at 2020-02-07 10:58:14 -0500
Processing by RecipesController#index as */*
  [1m[36mRecipe Load (0.3ms)[0m  [1m[34mSELECT "recipes".* FROM "recipes"[0m
  ↳ app/controllers/recipes_controller.rb:8:in `index'
Completed 200 OK in 1ms (Views: 1.0ms | ActiveRecord: 0.3ms | Allocations: 782)


Started GET "/recipes" for ::1 at 2020-02-07 10:59:41 -0500
Processing by RecipesController#index as */*
  [1m[36mRecipe Load (0.3ms)[0m  [1m[34mSELECT "recipes".* FROM "recipes"[0m
  ↳ app/controllers/recipes_controller.rb:8:in `index'
Completed 200 OK in 2ms (Views: 1.2ms | ActiveRecord: 0.3ms | Allocations: 782)


Started GET "/recipes" for ::1 at 2020-02-07 11:01:02 -0500
Processing by RecipesController#index as */*
  [1m[36mRecipe Load (0.3ms)[0m  [1m[34mSELECT "recipes".* FROM "recipes"[0m
  ↳ app/controllers/recipes_controller.rb:8:in `index'
Completed 200 OK in 2ms (Views: 1.3ms | ActiveRecord: 0.3ms | Allocations: 800)


Started GET "/recipes" for ::1 at 2020-02-07 11:02:49 -0500
Processing by RecipesController#index as */*
  [1m[36mRecipe Load (0.2ms)[0m  [1m[34mSELECT "recipes".* FROM "recipes"[0m
  ↳ app/controllers/recipes_controller.rb:8:in `index'
Completed 200 OK in 2ms (Views: 1.4ms | ActiveRecord: 0.2ms | Allocations: 782)


Started POST "/recipes" for ::1 at 2020-02-07 11:02:58 -0500
Processing by RecipesController#create as HTML
  Parameters: {"instructions"=>["string", "test"], "recipe"=>{}}
Completed 400 Bad Request in 1ms (ActiveRecord: 1.6ms | Allocations: 138)


  
ActionController::ParameterMissing (param is missing or the value is empty: recipe):
  
app/controllers/recipes_controller.rb:49:in `recipe_params'
app/controllers/recipes_controller.rb:18:in `create'
Started GET "/recipes" for ::1 at 2020-02-07 11:03:50 -0500
Processing by RecipesController#index as */*
  [1m[36mRecipe Load (0.6ms)[0m  [1m[34mSELECT "recipes".* FROM "recipes"[0m
  ↳ app/controllers/recipes_controller.rb:8:in `index'
Completed 200 OK in 4ms (Views: 2.6ms | ActiveRecord: 0.6ms | Allocations: 811)


Started GET "/recipes" for ::1 at 2020-02-07 11:11:09 -0500
Processing by RecipesController#index as */*
  [1m[36mRecipe Load (0.7ms)[0m  [1m[34mSELECT "recipes".* FROM "recipes"[0m
  ↳ app/controllers/recipes_controller.rb:8:in `index'
Completed 200 OK in 3ms (Views: 1.7ms | ActiveRecord: 0.7ms | Allocations: 855)


Started GET "/recipes" for ::1 at 2020-02-07 11:11:45 -0500
  [1m[35m (0.5ms)[0m  [1m[34mSELECT "schema_migrations"."version" FROM "schema_migrations" ORDER BY "schema_migrations"."version" ASC[0m
Processing by RecipesController#index as */*
  [1m[36mRecipe Load (0.7ms)[0m  [1m[34mSELECT "recipes".* FROM "recipes"[0m
  ↳ app/controllers/recipes_controller.rb:8:in `index'
Completed 200 OK in 5ms (Views: 2.1ms | ActiveRecord: 2.0ms | Allocations: 1616)


Started POST "/recipes" for ::1 at 2020-02-07 11:12:46 -0500
Processing by RecipesController#create as HTML
  Parameters: {"name"=>"Blue Cheese Burgers", "api_id"=>246009, "recipe"=>{"name"=>"Blue Cheese Burgers", "api_id"=>246009}}
  [1m[35m (0.5ms)[0m  [1m[35mBEGIN[0m
  ↳ app/controllers/recipes_controller.rb:20:in `create'
  [1m[36mRecipe Create (1.8ms)[0m  [1m[32mINSERT INTO "recipes" ("name", "api_id", "created_at", "updated_at") VALUES ($1, $2, $3, $4) RETURNING "id"[0m  [["name", "Blue Cheese Burgers"], ["api_id", 246009], ["created_at", "2020-02-07 16:12:46.578544"], ["updated_at", "2020-02-07 16:12:46.578544"]]
  ↳ app/controllers/recipes_controller.rb:20:in `create'
  [1m[35m (1.8ms)[0m  [1m[35mCOMMIT[0m
  ↳ app/controllers/recipes_controller.rb:20:in `create'
Completed 201 Created in 32ms (Views: 1.3ms | ActiveRecord: 10.9ms | Allocations: 5541)


Started GET "/recipes" for ::1 at 2020-02-07 11:13:18 -0500
Processing by RecipesController#index as */*
  [1m[36mRecipe Load (0.4ms)[0m  [1m[34mSELECT "recipes".* FROM "recipes"[0m
  ↳ app/controllers/recipes_controller.rb:8:in `index'
Completed 200 OK in 3ms (Views: 2.1ms | ActiveRecord: 0.4ms | Allocations: 920)


Started GET "/recipes" for ::1 at 2020-02-07 11:14:09 -0500
Processing by RecipesController#index as */*
  [1m[36mRecipe Load (0.4ms)[0m  [1m[34mSELECT "recipes".* FROM "recipes"[0m
  ↳ app/controllers/recipes_controller.rb:8:in `index'
Completed 200 OK in 3ms (Views: 2.8ms | ActiveRecord: 0.4ms | Allocations: 891)


Started POST "/recipes" for ::1 at 2020-02-07 11:14:18 -0500
Processing by RecipesController#create as HTML
  Parameters: {"name"=>"Bison Burger", "api_id"=>246916, "recipe"=>{"name"=>"Bison Burger", "api_id"=>246916}}
  [1m[35m (0.4ms)[0m  [1m[35mBEGIN[0m
  ↳ app/controllers/recipes_controller.rb:20:in `create'
  [1m[36mRecipe Create (0.8ms)[0m  [1m[32mINSERT INTO "recipes" ("name", "api_id", "created_at", "updated_at") VALUES ($1, $2, $3, $4) RETURNING "id"[0m  [["name", "Bison Burger"], ["api_id", 246916], ["created_at", "2020-02-07 16:14:18.267299"], ["updated_at", "2020-02-07 16:14:18.267299"]]
  ↳ app/controllers/recipes_controller.rb:20:in `create'
  [1m[35m (2.2ms)[0m  [1m[35mCOMMIT[0m
  ↳ app/controllers/recipes_controller.rb:20:in `create'
Completed 201 Created in 13ms (Views: 1.1ms | ActiveRecord: 3.4ms | Allocations: 2346)


Started GET "/recipes" for ::1 at 2020-02-07 11:14:37 -0500
Processing by RecipesController#index as */*
  [1m[36mRecipe Load (0.3ms)[0m  [1m[34mSELECT "recipes".* FROM "recipes"[0m
  ↳ app/controllers/recipes_controller.rb:8:in `index'
Completed 200 OK in 2ms (Views: 1.5ms | ActiveRecord: 0.3ms | Allocations: 1002)


Started GET "/recipes" for ::1 at 2020-02-07 11:14:46 -0500
Processing by RecipesController#index as */*
  [1m[36mRecipe Load (0.4ms)[0m  [1m[34mSELECT "recipes".* FROM "recipes"[0m
  ↳ app/controllers/recipes_controller.rb:8:in `index'
Completed 200 OK in 3ms (Views: 2.8ms | ActiveRecord: 0.4ms | Allocations: 1000)


Started GET "/recipes" for ::1 at 2020-02-07 11:15:38 -0500
Processing by RecipesController#index as */*
  [1m[36mRecipe Load (0.2ms)[0m  [1m[34mSELECT "recipes".* FROM "recipes"[0m
  ↳ app/controllers/recipes_controller.rb:8:in `index'
Completed 200 OK in 2ms (Views: 1.2ms | ActiveRecord: 0.2ms | Allocations: 1018)


Started GET "/recipes" for ::1 at 2020-02-07 11:15:53 -0500
Processing by RecipesController#index as */*
  [1m[36mRecipe Load (0.3ms)[0m  [1m[34mSELECT "recipes".* FROM "recipes"[0m
  ↳ app/controllers/recipes_controller.rb:8:in `index'
Completed 200 OK in 2ms (Views: 1.2ms | ActiveRecord: 0.3ms | Allocations: 1000)


Started GET "/recipes" for ::1 at 2020-02-07 11:16:17 -0500
Processing by RecipesController#index as */*
  [1m[36mRecipe Load (0.3ms)[0m  [1m[34mSELECT "recipes".* FROM "recipes"[0m
  ↳ app/controllers/recipes_controller.rb:8:in `index'
Completed 200 OK in 3ms (Views: 2.0ms | ActiveRecord: 0.3ms | Allocations: 1002)


Started GET "/recipes" for ::1 at 2020-02-07 11:17:54 -0500
Processing by RecipesController#index as */*
  [1m[36mRecipe Load (0.2ms)[0m  [1m[34mSELECT "recipes".* FROM "recipes"[0m
  ↳ app/controllers/recipes_controller.rb:8:in `index'
Completed 200 OK in 2ms (Views: 1.2ms | ActiveRecord: 0.2ms | Allocations: 1000)


Started GET "/recipes" for ::1 at 2020-02-07 11:18:58 -0500
Processing by RecipesController#index as */*
  [1m[36mRecipe Load (0.3ms)[0m  [1m[34mSELECT "recipes".* FROM "recipes"[0m
  ↳ app/controllers/recipes_controller.rb:8:in `index'
Completed 200 OK in 3ms (Views: 2.0ms | ActiveRecord: 0.3ms | Allocations: 1001)


Started GET "/recipes" for ::1 at 2020-02-07 11:19:29 -0500
Processing by RecipesController#index as */*
  [1m[36mRecipe Load (0.3ms)[0m  [1m[34mSELECT "recipes".* FROM "recipes"[0m
  ↳ app/controllers/recipes_controller.rb:8:in `index'
Completed 200 OK in 3ms (Views: 2.0ms | ActiveRecord: 0.3ms | Allocations: 1000)


Started GET "/recipes" for ::1 at 2020-02-07 11:41:24 -0500
Processing by RecipesController#index as */*
  [1m[36mRecipe Load (0.6ms)[0m  [1m[34mSELECT "recipes".* FROM "recipes"[0m
  ↳ app/controllers/recipes_controller.rb:8:in `index'
Completed 200 OK in 4ms (Views: 3.4ms | ActiveRecord: 0.6ms | Allocations: 1073)


Started GET "/recipes" for ::1 at 2020-02-07 11:41:58 -0500
Processing by RecipesController#index as */*
  [1m[36mRecipe Load (0.3ms)[0m  [1m[34mSELECT "recipes".* FROM "recipes"[0m
  ↳ app/controllers/recipes_controller.rb:8:in `index'
Completed 200 OK in 2ms (Views: 1.7ms | ActiveRecord: 0.3ms | Allocations: 1000)


Started GET "/recipes/0" for ::1 at 2020-02-07 11:42:05 -0500
Processing by RecipesController#show as */*
  Parameters: {"id"=>"0"}
  [1m[36mRecipe Load (0.3ms)[0m  [1m[34mSELECT "recipes".* FROM "recipes" WHERE "recipes"."id" = $1 LIMIT $2[0m  [["id", 0], ["LIMIT", 1]]
  ↳ app/controllers/recipes_controller.rb:44:in `set_recipe'
Completed 404 Not Found in 7ms (ActiveRecord: 0.6ms | Allocations: 1985)


  
ActiveRecord::RecordNotFound (Couldn't find Recipe with 'id'=0):
  
app/controllers/recipes_controller.rb:44:in `set_recipe'
Started GET "/recipes" for ::1 at 2020-02-07 11:43:10 -0500
Processing by RecipesController#index as */*
  [1m[36mRecipe Load (0.7ms)[0m  [1m[34mSELECT "recipes".* FROM "recipes"[0m
  ↳ app/controllers/recipes_controller.rb:8:in `index'
Completed 200 OK in 5ms (Views: 3.8ms | ActiveRecord: 0.7ms | Allocations: 999)


Started GET "/recipes" for ::1 at 2020-02-07 11:46:03 -0500
Processing by RecipesController#index as */*
  [1m[36mRecipe Load (0.8ms)[0m  [1m[34mSELECT "recipes".* FROM "recipes"[0m
  ↳ app/controllers/recipes_controller.rb:8:in `index'
Completed 200 OK in 4ms (Views: 3.3ms | ActiveRecord: 0.8ms | Allocations: 1000)


Started GET "/recipes" for ::1 at 2020-02-07 11:48:57 -0500
Processing by RecipesController#index as */*
  [1m[36mRecipe Load (0.4ms)[0m  [1m[34mSELECT "recipes".* FROM "recipes"[0m
  ↳ app/controllers/recipes_controller.rb:8:in `index'
Completed 200 OK in 3ms (Views: 2.2ms | ActiveRecord: 0.4ms | Allocations: 1000)


Started GET "/recipes" for ::1 at 2020-02-07 11:49:10 -0500
Processing by RecipesController#index as */*
  [1m[36mRecipe Load (0.3ms)[0m  [1m[34mSELECT "recipes".* FROM "recipes"[0m
  ↳ app/controllers/recipes_controller.rb:8:in `index'
Completed 200 OK in 2ms (Views: 1.6ms | ActiveRecord: 0.3ms | Allocations: 1000)


Started GET "/recipes" for ::1 at 2020-02-07 11:49:57 -0500
Processing by RecipesController#index as */*
  [1m[36mRecipe Load (0.6ms)[0m  [1m[34mSELECT "recipes".* FROM "recipes"[0m
  ↳ app/controllers/recipes_controller.rb:8:in `index'
Completed 200 OK in 4ms (Views: 2.6ms | ActiveRecord: 0.6ms | Allocations: 1000)


Started GET "/recipes" for ::1 at 2020-02-07 11:51:05 -0500
Processing by RecipesController#index as */*
  [1m[36mRecipe Load (0.3ms)[0m  [1m[34mSELECT "recipes".* FROM "recipes"[0m
  ↳ app/controllers/recipes_controller.rb:8:in `index'
Completed 200 OK in 2ms (Views: 1.8ms | ActiveRecord: 0.3ms | Allocations: 1000)


Started GET "/recipes" for ::1 at 2020-02-07 11:52:12 -0500
Processing by RecipesController#index as */*
  [1m[36mRecipe Load (0.3ms)[0m  [1m[34mSELECT "recipes".* FROM "recipes"[0m
  ↳ app/controllers/recipes_controller.rb:8:in `index'
Completed 200 OK in 16ms (Views: 14.9ms | ActiveRecord: 0.3ms | Allocations: 1003)


Started GET "/recipes" for ::1 at 2020-02-07 11:53:35 -0500
Processing by RecipesController#index as */*
  [1m[36mRecipe Load (0.4ms)[0m  [1m[34mSELECT "recipes".* FROM "recipes"[0m
  ↳ app/controllers/recipes_controller.rb:8:in `index'
Completed 200 OK in 3ms (Views: 2.0ms | ActiveRecord: 0.4ms | Allocations: 1000)


Started GET "/recipes" for ::1 at 2020-02-07 11:54:49 -0500
Processing by RecipesController#index as */*
  [1m[36mRecipe Load (0.2ms)[0m  [1m[34mSELECT "recipes".* FROM "recipes"[0m
  ↳ app/controllers/recipes_controller.rb:8:in `index'
Completed 200 OK in 2ms (Views: 1.3ms | ActiveRecord: 0.2ms | Allocations: 1000)


Started GET "/recipes" for ::1 at 2020-02-07 11:55:26 -0500
Processing by RecipesController#index as */*
  [1m[36mRecipe Load (0.2ms)[0m  [1m[34mSELECT "recipes".* FROM "recipes"[0m
  ↳ app/controllers/recipes_controller.rb:8:in `index'
Completed 200 OK in 2ms (Views: 1.1ms | ActiveRecord: 0.2ms | Allocations: 1000)


Started GET "/recipes" for ::1 at 2020-02-07 11:57:14 -0500
Processing by RecipesController#index as */*
  [1m[36mRecipe Load (0.3ms)[0m  [1m[34mSELECT "recipes".* FROM "recipes"[0m
  ↳ app/controllers/recipes_controller.rb:8:in `index'
Completed 200 OK in 2ms (Views: 1.9ms | ActiveRecord: 0.3ms | Allocations: 1000)


Started GET "/recipes" for ::1 at 2020-02-07 11:58:00 -0500
Processing by RecipesController#index as */*
  [1m[36mRecipe Load (0.4ms)[0m  [1m[34mSELECT "recipes".* FROM "recipes"[0m
  ↳ app/controllers/recipes_controller.rb:8:in `index'
Completed 200 OK in 3ms (Views: 1.9ms | ActiveRecord: 0.4ms | Allocations: 1000)


Started GET "/recipes" for ::1 at 2020-02-07 11:58:07 -0500
Processing by RecipesController#index as */*
  [1m[36mRecipe Load (0.2ms)[0m  [1m[34mSELECT "recipes".* FROM "recipes"[0m
  ↳ app/controllers/recipes_controller.rb:8:in `index'
Completed 200 OK in 2ms (Views: 1.4ms | ActiveRecord: 0.2ms | Allocations: 1000)


Started GET "/recipes" for ::1 at 2020-02-07 12:00:02 -0500
Processing by RecipesController#index as */*
  [1m[36mRecipe Load (0.4ms)[0m  [1m[34mSELECT "recipes".* FROM "recipes"[0m
  ↳ app/controllers/recipes_controller.rb:8:in `index'
Completed 200 OK in 4ms (Views: 2.4ms | ActiveRecord: 0.4ms | Allocations: 1000)


Started GET "/recipes" for ::1 at 2020-02-07 12:00:11 -0500
Processing by RecipesController#index as */*
  [1m[36mRecipe Load (0.2ms)[0m  [1m[34mSELECT "recipes".* FROM "recipes"[0m
  ↳ app/controllers/recipes_controller.rb:8:in `index'
Completed 200 OK in 2ms (Views: 1.5ms | ActiveRecord: 0.2ms | Allocations: 1000)


Started GET "/recipes" for ::1 at 2020-02-07 12:00:54 -0500
Processing by RecipesController#index as */*
  [1m[36mRecipe Load (0.3ms)[0m  [1m[34mSELECT "recipes".* FROM "recipes"[0m
  ↳ app/controllers/recipes_controller.rb:8:in `index'
Completed 200 OK in 2ms (Views: 1.8ms | ActiveRecord: 0.3ms | Allocations: 1000)


Started GET "/recipes" for ::1 at 2020-02-07 12:01:38 -0500
Processing by RecipesController#index as */*
  [1m[36mRecipe Load (0.5ms)[0m  [1m[34mSELECT "recipes".* FROM "recipes"[0m
  ↳ app/controllers/recipes_controller.rb:8:in `index'
Completed 200 OK in 4ms (Views: 2.4ms | ActiveRecord: 0.5ms | Allocations: 1000)


Started GET "/recipes" for ::1 at 2020-02-07 12:01:44 -0500
Processing by RecipesController#index as */*
  [1m[36mRecipe Load (0.2ms)[0m  [1m[34mSELECT "recipes".* FROM "recipes"[0m
  ↳ app/controllers/recipes_controller.rb:8:in `index'
Completed 200 OK in 1ms (Views: 1.1ms | ActiveRecord: 0.2ms | Allocations: 1000)


Started GET "/recipes" for ::1 at 2020-02-07 12:02:36 -0500
Processing by RecipesController#index as */*
  [1m[36mRecipe Load (0.3ms)[0m  [1m[34mSELECT "recipes".* FROM "recipes"[0m
  ↳ app/controllers/recipes_controller.rb:8:in `index'
Completed 200 OK in 2ms (Views: 1.4ms | ActiveRecord: 0.3ms | Allocations: 1000)


Started GET "/recipes" for ::1 at 2020-02-07 12:02:44 -0500
Processing by RecipesController#index as */*
  [1m[36mRecipe Load (0.2ms)[0m  [1m[34mSELECT "recipes".* FROM "recipes"[0m
  ↳ app/controllers/recipes_controller.rb:8:in `index'
Completed 200 OK in 1ms (Views: 1.0ms | ActiveRecord: 0.2ms | Allocations: 1000)


Started GET "/recipes" for ::1 at 2020-02-07 12:03:01 -0500
Processing by RecipesController#index as */*
  [1m[36mRecipe Load (0.4ms)[0m  [1m[34mSELECT "recipes".* FROM "recipes"[0m
  ↳ app/controllers/recipes_controller.rb:8:in `index'
Completed 200 OK in 2ms (Views: 1.9ms | ActiveRecord: 0.4ms | Allocations: 1000)


Started GET "/recipes" for ::1 at 2020-02-07 12:03:09 -0500
Processing by RecipesController#index as */*
  [1m[36mRecipe Load (0.4ms)[0m  [1m[34mSELECT "recipes".* FROM "recipes"[0m
  ↳ app/controllers/recipes_controller.rb:8:in `index'
Completed 200 OK in 3ms (Views: 2.0ms | ActiveRecord: 0.4ms | Allocations: 1000)


Started GET "/recipes" for ::1 at 2020-02-07 12:04:59 -0500
Processing by RecipesController#index as */*
  [1m[36mRecipe Load (0.7ms)[0m  [1m[34mSELECT "recipes".* FROM "recipes"[0m
  ↳ app/controllers/recipes_controller.rb:8:in `index'
Completed 200 OK in 3ms (Views: 2.5ms | ActiveRecord: 0.7ms | Allocations: 1000)


Started GET "/recipes" for ::1 at 2020-02-07 12:05:14 -0500
Processing by RecipesController#index as */*
  [1m[36mRecipe Load (0.4ms)[0m  [1m[34mSELECT "recipes".* FROM "recipes"[0m
  ↳ app/controllers/recipes_controller.rb:8:in `index'
Completed 200 OK in 2ms (Views: 1.5ms | ActiveRecord: 0.4ms | Allocations: 1000)


Started GET "/recipes" for ::1 at 2020-02-07 12:05:18 -0500
Processing by RecipesController#index as */*
  [1m[36mRecipe Load (0.3ms)[0m  [1m[34mSELECT "recipes".* FROM "recipes"[0m
  ↳ app/controllers/recipes_controller.rb:8:in `index'
Completed 200 OK in 2ms (Views: 1.6ms | ActiveRecord: 0.3ms | Allocations: 1000)


Started GET "/recipes" for ::1 at 2020-02-07 12:05:25 -0500
Processing by RecipesController#index as */*
  [1m[36mRecipe Load (0.3ms)[0m  [1m[34mSELECT "recipes".* FROM "recipes"[0m
  ↳ app/controllers/recipes_controller.rb:8:in `index'
Completed 200 OK in 2ms (Views: 1.1ms | ActiveRecord: 0.3ms | Allocations: 1000)


Started GET "/recipes" for ::1 at 2020-02-07 12:06:40 -0500
Processing by RecipesController#index as */*
  [1m[36mRecipe Load (0.3ms)[0m  [1m[34mSELECT "recipes".* FROM "recipes"[0m
  ↳ app/controllers/recipes_controller.rb:8:in `index'
Completed 200 OK in 2ms (Views: 1.6ms | ActiveRecord: 0.3ms | Allocations: 1000)


Started GET "/recipes" for ::1 at 2020-02-07 12:06:45 -0500
Processing by RecipesController#index as */*
  [1m[36mRecipe Load (0.3ms)[0m  [1m[34mSELECT "recipes".* FROM "recipes"[0m
  ↳ app/controllers/recipes_controller.rb:8:in `index'
Completed 200 OK in 1ms (Views: 1.0ms | ActiveRecord: 0.3ms | Allocations: 1000)


Started GET "/recipes" for ::1 at 2020-02-07 12:08:01 -0500
Processing by RecipesController#index as */*
  [1m[36mRecipe Load (0.7ms)[0m  [1m[34mSELECT "recipes".* FROM "recipes"[0m
  ↳ app/controllers/recipes_controller.rb:8:in `index'
Completed 200 OK in 5ms (Views: 3.3ms | ActiveRecord: 0.7ms | Allocations: 1000)


Started GET "/recipes" for ::1 at 2020-02-07 12:09:42 -0500
Processing by RecipesController#index as */*
  [1m[36mRecipe Load (0.3ms)[0m  [1m[34mSELECT "recipes".* FROM "recipes"[0m
  ↳ app/controllers/recipes_controller.rb:8:in `index'
Completed 200 OK in 3ms (Views: 2.7ms | ActiveRecord: 0.3ms | Allocations: 1000)


Started GET "/recipes" for ::1 at 2020-02-07 12:11:27 -0500
Processing by RecipesController#index as */*
  [1m[36mRecipe Load (0.3ms)[0m  [1m[34mSELECT "recipes".* FROM "recipes"[0m
  ↳ app/controllers/recipes_controller.rb:8:in `index'
Completed 200 OK in 2ms (Views: 1.9ms | ActiveRecord: 0.3ms | Allocations: 1000)


Started GET "/recipes" for ::1 at 2020-02-07 12:16:42 -0500
Processing by RecipesController#index as */*
  [1m[36mRecipe Load (0.2ms)[0m  [1m[34mSELECT "recipes".* FROM "recipes"[0m
  ↳ app/controllers/recipes_controller.rb:8:in `index'
Completed 200 OK in 2ms (Views: 1.7ms | ActiveRecord: 0.2ms | Allocations: 1000)


Started GET "/recipes" for ::1 at 2020-02-07 12:18:14 -0500
Processing by RecipesController#index as */*
  [1m[36mRecipe Load (0.4ms)[0m  [1m[34mSELECT "recipes".* FROM "recipes"[0m
  ↳ app/controllers/recipes_controller.rb:8:in `index'
Completed 200 OK in 3ms (Views: 1.8ms | ActiveRecord: 0.4ms | Allocations: 1000)


Started GET "/recipes" for ::1 at 2020-02-07 12:20:14 -0500
Processing by RecipesController#index as */*
  [1m[36mRecipe Load (0.3ms)[0m  [1m[34mSELECT "recipes".* FROM "recipes"[0m
  ↳ app/controllers/recipes_controller.rb:8:in `index'
Completed 200 OK in 2ms (Views: 1.9ms | ActiveRecord: 0.3ms | Allocations: 1000)


Started GET "/recipes" for ::1 at 2020-02-07 12:20:59 -0500
Processing by RecipesController#index as */*
  [1m[36mRecipe Load (0.3ms)[0m  [1m[34mSELECT "recipes".* FROM "recipes"[0m
  ↳ app/controllers/recipes_controller.rb:8:in `index'
Completed 200 OK in 13ms (Views: 12.1ms | ActiveRecord: 0.3ms | Allocations: 1003)


Started GET "/recipes" for ::1 at 2020-02-07 12:21:59 -0500
Processing by RecipesController#index as */*
  [1m[36mRecipe Load (0.5ms)[0m  [1m[34mSELECT "recipes".* FROM "recipes"[0m
  ↳ app/controllers/recipes_controller.rb:8:in `index'
Completed 200 OK in 3ms (Views: 2.5ms | ActiveRecord: 0.5ms | Allocations: 1000)


Started GET "/recipes" for ::1 at 2020-02-07 12:23:15 -0500
Processing by RecipesController#index as */*
  [1m[36mRecipe Load (0.2ms)[0m  [1m[34mSELECT "recipes".* FROM "recipes"[0m
  ↳ app/controllers/recipes_controller.rb:8:in `index'
Completed 200 OK in 2ms (Views: 1.5ms | ActiveRecord: 0.2ms | Allocations: 1000)


Started GET "/recipes" for ::1 at 2020-02-07 12:23:46 -0500
Processing by RecipesController#index as */*
  [1m[36mRecipe Load (0.3ms)[0m  [1m[34mSELECT "recipes".* FROM "recipes"[0m
  ↳ app/controllers/recipes_controller.rb:8:in `index'
Completed 200 OK in 3ms (Views: 1.9ms | ActiveRecord: 0.3ms | Allocations: 1000)


Started GET "/recipes" for ::1 at 2020-02-07 12:24:37 -0500
Processing by RecipesController#index as */*
  [1m[36mRecipe Load (0.5ms)[0m  [1m[34mSELECT "recipes".* FROM "recipes"[0m
  ↳ app/controllers/recipes_controller.rb:8:in `index'
Completed 200 OK in 4ms (Views: 3.2ms | ActiveRecord: 0.5ms | Allocations: 1000)


Started PUT "/recipes/1" for ::1 at 2020-02-07 12:24:45 -0500
Processing by RecipesController#update as HTML
  Parameters: {"name"=>"Blue Cheese", "id"=>"1", "recipe"=>{"name"=>"Blue Cheese"}}
  [1m[36mRecipe Load (0.8ms)[0m  [1m[34mSELECT "recipes".* FROM "recipes" WHERE "recipes"."id" = $1 LIMIT $2[0m  [["id", 1], ["LIMIT", 1]]
  ↳ app/controllers/recipes_controller.rb:44:in `set_recipe'
  [1m[35m (0.5ms)[0m  [1m[35mBEGIN[0m
  ↳ app/controllers/recipes_controller.rb:29:in `update'
  [1m[36mRecipe Update (1.5ms)[0m  [1m[33mUPDATE "recipes" SET "name" = $1, "updated_at" = $2 WHERE "recipes"."id" = $3[0m  [["name", "Blue Cheese"], ["updated_at", "2020-02-07 17:24:45.290208"], ["id", 1]]
  ↳ app/controllers/recipes_controller.rb:29:in `update'
  [1m[35m (1.8ms)[0m  [1m[35mCOMMIT[0m
  ↳ app/controllers/recipes_controller.rb:29:in `update'
Completed 200 OK in 18ms (Views: 0.7ms | ActiveRecord: 4.6ms | Allocations: 2856)


Started PUT "/recipes/1" for ::1 at 2020-02-07 12:24:53 -0500
Processing by RecipesController#update as HTML
  Parameters: {"name"=>"Blue Cheese", "id"=>"1", "recipe"=>{"name"=>"Blue Cheese"}}
  [1m[36mRecipe Load (1.3ms)[0m  [1m[34mSELECT "recipes".* FROM "recipes" WHERE "recipes"."id" = $1 LIMIT $2[0m  [["id", 1], ["LIMIT", 1]]
  ↳ app/controllers/recipes_controller.rb:44:in `set_recipe'
Completed 200 OK in 7ms (Views: 0.8ms | ActiveRecord: 1.3ms | Allocations: 849)


Started GET "/recipes" for ::1 at 2020-02-07 12:25:28 -0500
Processing by RecipesController#index as */*
  [1m[36mRecipe Load (0.3ms)[0m  [1m[34mSELECT "recipes".* FROM "recipes"[0m
  ↳ app/controllers/recipes_controller.rb:8:in `index'
Completed 200 OK in 3ms (Views: 2.0ms | ActiveRecord: 0.3ms | Allocations: 1000)


Started GET "/recipes" for ::1 at 2020-02-07 12:25:30 -0500
Processing by RecipesController#index as */*
  [1m[36mRecipe Load (0.3ms)[0m  [1m[34mSELECT "recipes".* FROM "recipes"[0m
  ↳ app/controllers/recipes_controller.rb:8:in `index'
Completed 200 OK in 1ms (Views: 1.0ms | ActiveRecord: 0.3ms | Allocations: 1000)


Started PUT "/recipes/2" for ::1 at 2020-02-07 12:25:40 -0500
Processing by RecipesController#update as HTML
  Parameters: {"name"=>"Bison Burger Cheese", "id"=>"2", "recipe"=>{"name"=>"Bison Burger Cheese"}}
  [1m[36mRecipe Load (0.9ms)[0m  [1m[34mSELECT "recipes".* FROM "recipes" WHERE "recipes"."id" = $1 LIMIT $2[0m  [["id", 2], ["LIMIT", 1]]
  ↳ app/controllers/recipes_controller.rb:44:in `set_recipe'
  [1m[35m (0.6ms)[0m  [1m[35mBEGIN[0m
  ↳ app/controllers/recipes_controller.rb:29:in `update'
  [1m[36mRecipe Update (1.2ms)[0m  [1m[33mUPDATE "recipes" SET "name" = $1, "updated_at" = $2 WHERE "recipes"."id" = $3[0m  [["name", "Bison Burger Cheese"], ["updated_at", "2020-02-07 17:25:40.252077"], ["id", 2]]
  ↳ app/controllers/recipes_controller.rb:29:in `update'
  [1m[35m (1.8ms)[0m  [1m[35mCOMMIT[0m
  ↳ app/controllers/recipes_controller.rb:29:in `update'
Completed 200 OK in 18ms (Views: 0.7ms | ActiveRecord: 4.4ms | Allocations: 2817)


Started GET "/recipes" for ::1 at 2020-02-07 12:25:40 -0500
Processing by RecipesController#index as */*
  [1m[36mRecipe Load (0.5ms)[0m  [1m[34mSELECT "recipes".* FROM "recipes"[0m
  ↳ app/controllers/recipes_controller.rb:8:in `index'
Completed 200 OK in 3ms (Views: 2.0ms | ActiveRecord: 0.5ms | Allocations: 1000)


Started PUT "/recipes/1" for ::1 at 2020-02-07 12:25:51 -0500
Processing by RecipesController#update as HTML
  Parameters: {"name"=>"Blue Burger", "id"=>"1", "recipe"=>{"name"=>"Blue Burger"}}
  [1m[36mRecipe Load (0.3ms)[0m  [1m[34mSELECT "recipes".* FROM "recipes" WHERE "recipes"."id" = $1 LIMIT $2[0m  [["id", 1], ["LIMIT", 1]]
  ↳ app/controllers/recipes_controller.rb:44:in `set_recipe'
  [1m[35m (0.2ms)[0m  [1m[35mBEGIN[0m
  ↳ app/controllers/recipes_controller.rb:29:in `update'
  [1m[36mRecipe Update (0.3ms)[0m  [1m[33mUPDATE "recipes" SET "name" = $1, "updated_at" = $2 WHERE "recipes"."id" = $3[0m  [["name", "Blue Burger"], ["updated_at", "2020-02-07 17:25:51.866684"], ["id", 1]]
  ↳ app/controllers/recipes_controller.rb:29:in `update'
  [1m[35m (2.0ms)[0m  [1m[35mCOMMIT[0m
  ↳ app/controllers/recipes_controller.rb:29:in `update'
Completed 200 OK in 7ms (Views: 0.3ms | ActiveRecord: 2.8ms | Allocations: 2819)


Started GET "/recipes" for ::1 at 2020-02-07 12:25:51 -0500
Processing by RecipesController#index as */*
  [1m[36mRecipe Load (0.3ms)[0m  [1m[34mSELECT "recipes".* FROM "recipes"[0m
  ↳ app/controllers/recipes_controller.rb:8:in `index'
Completed 200 OK in 2ms (Views: 1.2ms | ActiveRecord: 0.3ms | Allocations: 1000)


Started POST "/recipes" for ::1 at 2020-02-07 12:26:15 -0500
Processing by RecipesController#create as HTML
  Parameters: {"name"=>"Cheesy Baked Zucchini Noodle Casserole", "api_id"=>671893, "recipe"=>{"name"=>"Cheesy Baked Zucchini Noodle Casserole", "api_id"=>671893}}
  [1m[35m (0.2ms)[0m  [1m[35mBEGIN[0m
  ↳ app/controllers/recipes_controller.rb:20:in `create'
  [1m[36mRecipe Create (0.4ms)[0m  [1m[32mINSERT INTO "recipes" ("name", "api_id", "created_at", "updated_at") VALUES ($1, $2, $3, $4) RETURNING "id"[0m  [["name", "Cheesy Baked Zucchini Noodle Casserole"], ["api_id", 671893], ["created_at", "2020-02-07 17:26:15.159883"], ["updated_at", "2020-02-07 17:26:15.159883"]]
  ↳ app/controllers/recipes_controller.rb:20:in `create'
  [1m[35m (2.1ms)[0m  [1m[35mCOMMIT[0m
  ↳ app/controllers/recipes_controller.rb:20:in `create'
Completed 201 Created in 6ms (Views: 0.4ms | ActiveRecord: 2.8ms | Allocations: 2332)


Started PUT "/recipes/3" for ::1 at 2020-02-07 12:26:24 -0500
Processing by RecipesController#update as HTML
  Parameters: {"name"=>"Cheesy Baked Zucchini Casserole", "id"=>"3", "recipe"=>{"name"=>"Cheesy Baked Zucchini Casserole"}}
  [1m[36mRecipe Load (0.3ms)[0m  [1m[34mSELECT "recipes".* FROM "recipes" WHERE "recipes"."id" = $1 LIMIT $2[0m  [["id", 3], ["LIMIT", 1]]
  ↳ app/controllers/recipes_controller.rb:44:in `set_recipe'
  [1m[35m (0.2ms)[0m  [1m[35mBEGIN[0m
  ↳ app/controllers/recipes_controller.rb:29:in `update'
  [1m[36mRecipe Update (0.4ms)[0m  [1m[33mUPDATE "recipes" SET "name" = $1, "updated_at" = $2 WHERE "recipes"."id" = $3[0m  [["name", "Cheesy Baked Zucchini Casserole"], ["updated_at", "2020-02-07 17:26:24.911622"], ["id", 3]]
  ↳ app/controllers/recipes_controller.rb:29:in `update'
  [1m[35m (1.3ms)[0m  [1m[35mCOMMIT[0m
  ↳ app/controllers/recipes_controller.rb:29:in `update'
Completed 200 OK in 9ms (Views: 0.4ms | ActiveRecord: 2.1ms | Allocations: 2824)


Started GET "/recipes" for ::1 at 2020-02-07 12:26:24 -0500
Processing by RecipesController#index as */*
  [1m[36mRecipe Load (0.5ms)[0m  [1m[34mSELECT "recipes".* FROM "recipes"[0m
  ↳ app/controllers/recipes_controller.rb:8:in `index'
Completed 200 OK in 3ms (Views: 2.1ms | ActiveRecord: 0.5ms | Allocations: 1111)


Started POST "/recipes" for ::1 at 2020-02-07 12:26:34 -0500
Processing by RecipesController#create as HTML
  Parameters: {"name"=>"Bison Burger", "api_id"=>246916, "recipe"=>{"name"=>"Bison Burger", "api_id"=>246916}}
  [1m[35m (0.4ms)[0m  [1m[35mBEGIN[0m
  ↳ app/controllers/recipes_controller.rb:20:in `create'
  [1m[36mRecipe Create (1.0ms)[0m  [1m[32mINSERT INTO "recipes" ("name", "api_id", "created_at", "updated_at") VALUES ($1, $2, $3, $4) RETURNING "id"[0m  [["name", "Bison Burger"], ["api_id", 246916], ["created_at", "2020-02-07 17:26:34.066843"], ["updated_at", "2020-02-07 17:26:34.066843"]]
  ↳ app/controllers/recipes_controller.rb:20:in `create'
  [1m[35m (2.3ms)[0m  [1m[35mCOMMIT[0m
  ↳ app/controllers/recipes_controller.rb:20:in `create'
Completed 201 Created in 14ms (Views: 1.0ms | ActiveRecord: 3.8ms | Allocations: 2326)


Started PUT "/recipes/2" for ::1 at 2020-02-07 12:26:36 -0500
Processing by RecipesController#update as HTML
  Parameters: {"name"=>"Bison Burger", "id"=>"2", "recipe"=>{"name"=>"Bison Burger"}}
  [1m[36mRecipe Load (0.2ms)[0m  [1m[34mSELECT "recipes".* FROM "recipes" WHERE "recipes"."id" = $1 LIMIT $2[0m  [["id", 2], ["LIMIT", 1]]
  ↳ app/controllers/recipes_controller.rb:44:in `set_recipe'
  [1m[35m (0.2ms)[0m  [1m[35mBEGIN[0m
  ↳ app/controllers/recipes_controller.rb:29:in `update'
  [1m[36mRecipe Update (0.3ms)[0m  [1m[33mUPDATE "recipes" SET "name" = $1, "updated_at" = $2 WHERE "recipes"."id" = $3[0m  [["name", "Bison Burger"], ["updated_at", "2020-02-07 17:26:36.741328"], ["id", 2]]
  ↳ app/controllers/recipes_controller.rb:29:in `update'
  [1m[35m (2.0ms)[0m  [1m[35mCOMMIT[0m
  ↳ app/controllers/recipes_controller.rb:29:in `update'
Completed 200 OK in 6ms (Views: 0.3ms | ActiveRecord: 2.6ms | Allocations: 2817)


Started GET "/recipes" for ::1 at 2020-02-07 12:26:36 -0500
Processing by RecipesController#index as */*
  [1m[36mRecipe Load (0.3ms)[0m  [1m[34mSELECT "recipes".* FROM "recipes"[0m
  ↳ app/controllers/recipes_controller.rb:8:in `index'
Completed 200 OK in 2ms (Views: 1.4ms | ActiveRecord: 0.3ms | Allocations: 1221)


Started PUT "/recipes/2" for ::1 at 2020-02-07 12:26:39 -0500
Processing by RecipesController#update as HTML
  Parameters: {"name"=>"Bison Burger", "id"=>"2", "recipe"=>{"name"=>"Bison Burger"}}
  [1m[36mRecipe Load (0.2ms)[0m  [1m[34mSELECT "recipes".* FROM "recipes" WHERE "recipes"."id" = $1 LIMIT $2[0m  [["id", 2], ["LIMIT", 1]]
  ↳ app/controllers/recipes_controller.rb:44:in `set_recipe'
Completed 200 OK in 2ms (Views: 0.2ms | ActiveRecord: 0.2ms | Allocations: 847)


Started GET "/recipes" for ::1 at 2020-02-07 12:26:39 -0500
Processing by RecipesController#index as */*
  [1m[36mRecipe Load (0.3ms)[0m  [1m[34mSELECT "recipes".* FROM "recipes"[0m
  ↳ app/controllers/recipes_controller.rb:8:in `index'
Completed 200 OK in 2ms (Views: 1.7ms | ActiveRecord: 0.3ms | Allocations: 1221)


Started PUT "/recipes/2" for ::1 at 2020-02-07 12:26:40 -0500
Processing by RecipesController#update as HTML
  Parameters: {"name"=>"Bison Burger", "id"=>"2", "recipe"=>{"name"=>"Bison Burger"}}
  [1m[36mRecipe Load (0.2ms)[0m  [1m[34mSELECT "recipes".* FROM "recipes" WHERE "recipes"."id" = $1 LIMIT $2[0m  [["id", 2], ["LIMIT", 1]]
  ↳ app/controllers/recipes_controller.rb:44:in `set_recipe'
Completed 200 OK in 1ms (Views: 0.2ms | ActiveRecord: 0.2ms | Allocations: 847)


Started GET "/recipes" for ::1 at 2020-02-07 12:26:40 -0500
Processing by RecipesController#index as */*
  [1m[36mRecipe Load (0.3ms)[0m  [1m[34mSELECT "recipes".* FROM "recipes"[0m
  ↳ app/controllers/recipes_controller.rb:8:in `index'
Completed 200 OK in 2ms (Views: 1.4ms | ActiveRecord: 0.3ms | Allocations: 1221)


Started PUT "/recipes/2" for ::1 at 2020-02-07 12:26:41 -0500
Processing by RecipesController#update as HTML
  Parameters: {"name"=>"Bison Burger", "id"=>"2", "recipe"=>{"name"=>"Bison Burger"}}
  [1m[36mRecipe Load (1.4ms)[0m  [1m[34mSELECT "recipes".* FROM "recipes" WHERE "recipes"."id" = $1 LIMIT $2[0m  [["id", 2], ["LIMIT", 1]]
  ↳ app/controllers/recipes_controller.rb:44:in `set_recipe'
Completed 200 OK in 7ms (Views: 0.5ms | ActiveRecord: 1.4ms | Allocations: 850)


Started GET "/recipes" for ::1 at 2020-02-07 12:26:41 -0500
Processing by RecipesController#index as */*
  [1m[36mRecipe Load (0.5ms)[0m  [1m[34mSELECT "recipes".* FROM "recipes"[0m
  ↳ app/controllers/recipes_controller.rb:8:in `index'
Completed 200 OK in 3ms (Views: 2.1ms | ActiveRecord: 0.5ms | Allocations: 1221)


Started PUT "/recipes/2" for ::1 at 2020-02-07 12:26:41 -0500
Processing by RecipesController#update as HTML
  Parameters: {"name"=>"Bison Burger", "id"=>"2", "recipe"=>{"name"=>"Bison Burger"}}
  [1m[36mRecipe Load (0.2ms)[0m  [1m[34mSELECT "recipes".* FROM "recipes" WHERE "recipes"."id" = $1 LIMIT $2[0m  [["id", 2], ["LIMIT", 1]]
  ↳ app/controllers/recipes_controller.rb:44:in `set_recipe'
Completed 200 OK in 2ms (Views: 0.2ms | ActiveRecord: 0.2ms | Allocations: 847)


Started GET "/recipes" for ::1 at 2020-02-07 12:26:41 -0500
Processing by RecipesController#index as */*
  [1m[36mRecipe Load (0.3ms)[0m  [1m[34mSELECT "recipes".* FROM "recipes"[0m
  ↳ app/controllers/recipes_controller.rb:8:in `index'
Completed 200 OK in 3ms (Views: 2.1ms | ActiveRecord: 0.3ms | Allocations: 1221)


Started PUT "/recipes/1" for ::1 at 2020-02-07 12:26:50 -0500
Processing by RecipesController#update as HTML
  Parameters: {"name"=>"Blue Burger test", "id"=>"1", "recipe"=>{"name"=>"Blue Burger test"}}
  [1m[36mRecipe Load (0.6ms)[0m  [1m[34mSELECT "recipes".* FROM "recipes" WHERE "recipes"."id" = $1 LIMIT $2[0m  [["id", 1], ["LIMIT", 1]]
  ↳ app/controllers/recipes_controller.rb:44:in `set_recipe'
  [1m[35m (0.4ms)[0m  [1m[35mBEGIN[0m
  ↳ app/controllers/recipes_controller.rb:29:in `update'
  [1m[36mRecipe Update (1.4ms)[0m  [1m[33mUPDATE "recipes" SET "name" = $1, "updated_at" = $2 WHERE "recipes"."id" = $3[0m  [["name", "Blue Burger test"], ["updated_at", "2020-02-07 17:26:50.680010"], ["id", 1]]
  ↳ app/controllers/recipes_controller.rb:29:in `update'
  [1m[35m (2.4ms)[0m  [1m[35mCOMMIT[0m
  ↳ app/controllers/recipes_controller.rb:29:in `update'
Completed 200 OK in 17ms (Views: 0.7ms | ActiveRecord: 4.8ms | Allocations: 2817)


Started GET "/recipes" for ::1 at 2020-02-07 12:26:50 -0500
Processing by RecipesController#index as */*
  [1m[36mRecipe Load (0.4ms)[0m  [1m[34mSELECT "recipes".* FROM "recipes"[0m
  ↳ app/controllers/recipes_controller.rb:8:in `index'
Completed 200 OK in 3ms (Views: 2.5ms | ActiveRecord: 0.4ms | Allocations: 1221)


Started PUT "/recipes/1" for ::1 at 2020-02-07 12:27:47 -0500
Processing by RecipesController#update as HTML
  Parameters: {"name"=>"Blue Burger", "id"=>"1", "recipe"=>{"name"=>"Blue Burger"}}
  [1m[36mRecipe Load (0.4ms)[0m  [1m[34mSELECT "recipes".* FROM "recipes" WHERE "recipes"."id" = $1 LIMIT $2[0m  [["id", 1], ["LIMIT", 1]]
  ↳ app/controllers/recipes_controller.rb:44:in `set_recipe'
  [1m[35m (0.4ms)[0m  [1m[35mBEGIN[0m
  ↳ app/controllers/recipes_controller.rb:29:in `update'
  [1m[36mRecipe Update (0.8ms)[0m  [1m[33mUPDATE "recipes" SET "name" = $1, "updated_at" = $2 WHERE "recipes"."id" = $3[0m  [["name", "Blue Burger"], ["updated_at", "2020-02-07 17:27:47.606640"], ["id", 1]]
  ↳ app/controllers/recipes_controller.rb:29:in `update'
  [1m[35m (2.3ms)[0m  [1m[35mCOMMIT[0m
  ↳ app/controllers/recipes_controller.rb:29:in `update'
Completed 200 OK in 14ms (Views: 0.6ms | ActiveRecord: 3.9ms | Allocations: 2817)


Started GET "/recipes" for ::1 at 2020-02-07 12:27:47 -0500
Processing by RecipesController#index as */*
  [1m[36mRecipe Load (0.4ms)[0m  [1m[34mSELECT "recipes".* FROM "recipes"[0m
  ↳ app/controllers/recipes_controller.rb:8:in `index'
Completed 200 OK in 3ms (Views: 2.4ms | ActiveRecord: 0.4ms | Allocations: 1221)


Started GET "/recipes" for ::1 at 2020-02-07 12:28:23 -0500
Processing by RecipesController#index as */*
  [1m[36mRecipe Load (0.3ms)[0m  [1m[34mSELECT "recipes".* FROM "recipes"[0m
  ↳ app/controllers/recipes_controller.rb:8:in `index'
Completed 200 OK in 3ms (Views: 2.0ms | ActiveRecord: 0.3ms | Allocations: 1221)


Started PUT "/recipes/3" for ::1 at 2020-02-07 12:28:53 -0500
Processing by RecipesController#update as HTML
  Parameters: {"name"=>"Cheesy Baked Casserole", "id"=>"3", "recipe"=>{"name"=>"Cheesy Baked Casserole"}}
  [1m[36mRecipe Load (0.7ms)[0m  [1m[34mSELECT "recipes".* FROM "recipes" WHERE "recipes"."id" = $1 LIMIT $2[0m  [["id", 3], ["LIMIT", 1]]
  ↳ app/controllers/recipes_controller.rb:44:in `set_recipe'
  [1m[35m (0.4ms)[0m  [1m[35mBEGIN[0m
  ↳ app/controllers/recipes_controller.rb:29:in `update'
  [1m[36mRecipe Update (0.9ms)[0m  [1m[33mUPDATE "recipes" SET "name" = $1, "updated_at" = $2 WHERE "recipes"."id" = $3[0m  [["name", "Cheesy Baked Casserole"], ["updated_at", "2020-02-07 17:28:53.962501"], ["id", 3]]
  ↳ app/controllers/recipes_controller.rb:29:in `update'
  [1m[35m (1.8ms)[0m  [1m[35mCOMMIT[0m
  ↳ app/controllers/recipes_controller.rb:29:in `update'
Completed 200 OK in 18ms (Views: 0.9ms | ActiveRecord: 3.8ms | Allocations: 2818)


Started GET "/recipes" for ::1 at 2020-02-07 12:28:53 -0500
Processing by RecipesController#index as */*
  [1m[36mRecipe Load (0.4ms)[0m  [1m[34mSELECT "recipes".* FROM "recipes"[0m
  ↳ app/controllers/recipes_controller.rb:8:in `index'
Completed 200 OK in 3ms (Views: 2.0ms | ActiveRecord: 0.4ms | Allocations: 1219)


Started GET "/" for ::1 at 2020-02-07 12:42:43 -0500
  [1m[35m (0.5ms)[0m  [1m[34mSELECT "schema_migrations"."version" FROM "schema_migrations" ORDER BY "schema_migrations"."version" ASC[0m
  
SyntaxError (/home/david/projects/Personal/better-recipe-app/better-recipe-app-api/app/controllers/welcome_controller.rb:3: syntax error, unexpected tCONSTANT, expecting do or '{' or '('
...status:200, message: Recipe App}
...                            ^~~):
  
app/controllers/welcome_controller.rb:3: syntax error, unexpected tCONSTANT, expecting do or '{' or '('
app/controllers/welcome_controller.rb:3: syntax error, unexpected tCONSTANT, expecting do or '{' or '('
Started GET "/favicon.ico" for ::1 at 2020-02-07 12:42:43 -0500
  
ActionController::RoutingError (No route matches [GET] "/favicon.ico"):
  
actionpack (6.0.2.1) lib/action_dispatch/middleware/debug_exceptions.rb:36:in `call'
actionpack (6.0.2.1) lib/action_dispatch/middleware/show_exceptions.rb:33:in `call'
railties (6.0.2.1) lib/rails/rack/logger.rb:38:in `call_app'
railties (6.0.2.1) lib/rails/rack/logger.rb:26:in `block in call'
activesupport (6.0.2.1) lib/active_support/tagged_logging.rb:80:in `block in tagged'
activesupport (6.0.2.1) lib/active_support/tagged_logging.rb:28:in `tagged'
activesupport (6.0.2.1) lib/active_support/tagged_logging.rb:80:in `tagged'
railties (6.0.2.1) lib/rails/rack/logger.rb:26:in `call'
actionpack (6.0.2.1) lib/action_dispatch/middleware/remote_ip.rb:81:in `call'
actionpack (6.0.2.1) lib/action_dispatch/middleware/request_id.rb:27:in `call'
rack (2.1.2) lib/rack/runtime.rb:24:in `call'
activesupport (6.0.2.1) lib/active_support/cache/strategy/local_cache_middleware.rb:29:in `call'
actionpack (6.0.2.1) lib/action_dispatch/middleware/executor.rb:14:in `call'
actionpack (6.0.2.1) lib/action_dispatch/middleware/static.rb:126:in `call'
rack (2.1.2) lib/rack/sendfile.rb:113:in `call'
actionpack (6.0.2.1) lib/action_dispatch/middleware/host_authorization.rb:83:in `call'
rack-cors (1.1.1) lib/rack/cors.rb:100:in `call'
railties (6.0.2.1) lib/rails/engine.rb:526:in `call'
puma (4.3.1) lib/puma/configuration.rb:228:in `call'
puma (4.3.1) lib/puma/server.rb:681:in `handle_request'
puma (4.3.1) lib/puma/server.rb:472:in `process_client'
puma (4.3.1) lib/puma/server.rb:328:in `block in run'
puma (4.3.1) lib/puma/thread_pool.rb:134:in `block in spawn_thread'
Started GET "/" for ::1 at 2020-02-07 12:43:52 -0500
Processing by WelcomeController#index as HTML
Completed 200 OK in 1ms (Views: 0.3ms | ActiveRecord: 0.0ms | Allocations: 171)


